<?xml version="1.0" encoding="UTF-8"?>
<testsuite xmlns:xsi="http://www.w3.org/2001/XMLSchema-instance" xsi:noNamespaceSchemaLocation="https://maven.apache.org/surefire/maven-surefire-plugin/xsd/surefire-test-report-3.0.xsd" version="3.0" name="com.keerthana.demo.TaxApplicationTests" time="4.46" tests="1" errors="0" skipped="0" failures="0">
  <properties>
[...]
</properties>
  <testcase name="contextLoads" classname="com.keerthana.demo.TaxApplicationTests" time="0.752">
    <system-out><![CDATA[14:36:03.227 [main] INFO org.springframework.test.context.support.AnnotationConfigContextLoaderUtils -- Could not detect default configuration classes for test class [com.keerthana.demo.TaxApplicationTests]: TaxApplicationTests does not declare any static, non-private, non-final, nested classes annotated with @Configuration.
14:36:03.317 [main] INFO org.springframework.boot.test.context.SpringBootTestContextBootstrapper -- Found @SpringBootConfiguration com.keerthana.demo.TaxApplication for test class com.keerthana.demo.TaxApplicationTests

  .   ____          _            __ _ _
 /\\ / ___'_ __ _ _(_)_ __  __ _ \ \ \ \
( ( )\___ | '_ | '_| | '_ \/ _` | \ \ \ \
 \\/  ___)| |_)| | | | | || (_| |  ) ) ) )
  '  |____| .__|_| |_|_| |_\__, | / / / /
 =========|_|==============|___/=/_/_/_/

 :: Spring Boot ::                (v3.3.2)

2024-08-22T14:36:03.615+05:30  INFO 1896 --- [Tax] [           main] com.keerthana.demo.TaxApplicationTests   : Starting TaxApplicationTests using Java 17.0.9 with PID 1896 (started by keerthana.prabu in C:\Users\keerthana.prabu\Documents\workspace-spring-tool-suite-4-4.21.1.RELEASE\Tax)
2024-08-22T14:36:03.616+05:30  INFO 1896 --- [Tax] [           main] com.keerthana.demo.TaxApplicationTests   : No active profile set, falling back to 1 default profile: "default"
2024-08-22T14:36:04.091+05:30  INFO 1896 --- [Tax] [           main] .s.d.r.c.RepositoryConfigurationDelegate : Bootstrapping Spring Data JPA repositories in DEFAULT mode.
2024-08-22T14:36:04.123+05:30  INFO 1896 --- [Tax] [           main] .s.d.r.c.RepositoryConfigurationDelegate : Finished Spring Data repository scanning in 27 ms. Found 0 JPA repository interfaces.
2024-08-22T14:36:04.412+05:30  INFO 1896 --- [Tax] [           main] o.hibernate.jpa.internal.util.LogHelper  : HHH000204: Processing PersistenceUnitInfo [name: default]
2024-08-22T14:36:04.482+05:30  INFO 1896 --- [Tax] [           main] org.hibernate.Version                    : HHH000412: Hibernate ORM core version 6.5.2.Final
2024-08-22T14:36:04.524+05:30  INFO 1896 --- [Tax] [           main] o.h.c.internal.RegionFactoryInitiator    : HHH000026: Second-level cache disabled
2024-08-22T14:36:04.938+05:30  INFO 1896 --- [Tax] [           main] o.s.o.j.p.SpringPersistenceUnitInfo      : No LoadTimeWeaver setup: ignoring JPA class transformer
2024-08-22T14:36:04.973+05:30  INFO 1896 --- [Tax] [           main] com.zaxxer.hikari.HikariDataSource       : HikariPool-1 - Starting...
2024-08-22T14:36:05.269+05:30  INFO 1896 --- [Tax] [           main] com.zaxxer.hikari.pool.HikariPool        : HikariPool-1 - Added connection com.mysql.cj.jdbc.ConnectionImpl@20c3b34b
2024-08-22T14:36:05.271+05:30  INFO 1896 --- [Tax] [           main] com.zaxxer.hikari.HikariDataSource       : HikariPool-1 - Start completed.
2024-08-22T14:36:06.200+05:30  INFO 1896 --- [Tax] [           main] o.h.e.t.j.p.i.JtaPlatformInitiator       : HHH000489: No JTA platform available (set 'hibernate.transaction.jta.platform' to enable JTA platform integration)
Hibernate: alter table `tax_return` modify column `proof` mediumblob
2024-08-22T14:36:06.279+05:30  INFO 1896 --- [Tax] [           main] j.LocalContainerEntityManagerFactoryBean : Initialized JPA EntityManagerFactory for persistence unit 'default'
2024-08-22T14:36:06.480+05:30  WARN 1896 --- [Tax] [           main] JpaBaseConfiguration$JpaWebConfiguration : spring.jpa.open-in-view is enabled by default. Therefore, database queries may be performed during view rendering. Explicitly configure spring.jpa.open-in-view to disable this warning
2024-08-22T14:36:06.785+05:30  INFO 1896 --- [Tax] [           main] com.keerthana.demo.TaxApplicationTests   : Started TaxApplicationTests in 3.358 seconds (process running for 4.206)
]]></system-out>
  </testcase>
</testsuite>